Fri Apr 20 17:18:39 EDT 2018: Peer 1001 makes a connection to Peer 1002.
Fri Apr 20 17:18:39 EDT 2018: Peer 1001 is connected from Peer 1002.
Fri Apr 20 17:19:28 EDT 2018: Peer 1001 makes a connection to Peer 1002.
Fri Apr 20 17:19:28 EDT 2018: Peer 1001 is connected from Peer 1002.
Fri Apr 20 18:23:57 EDT 2018: Peer 1001 makes a connection to Peer 1002.
Fri Apr 20 18:23:57 EDT 2018: Peer 1001 is connected from Peer 1002.
Fri Apr 20 18:23:57 EDT 2018: Peer 1001 makes a connection to Peer 1003.
Fri Apr 20 18:23:57 EDT 2018: Peer 1001 is connected from Peer 1003.
Fri Apr 20 18:23:57 EDT 2018: Peer 1001 has the Preferred neighbours [1003, 1001].
Fri Apr 20 18:23:57 EDT 2018: Peer 1001 is unchoked by Peer 1003.
Fri Apr 20 18:23:57 EDT 2018: Peer 1001 received the 'interested' message from Peer 1003.
Fri Apr 20 18:23:57 EDT 2018: Peer 1001 received the 'interested' message from Peer 1002.
Fri Apr 20 18:23:57 EDT 2018: Peer 1001 is unchoked by Peer 1002.
Fri Apr 20 18:23:57 EDT 2018: Peer 1001 received the 'have' message from Peer 1002 for the piece 226.
Fri Apr 20 18:23:57 EDT 2018: Peer 1001 received the 'have' message from Peer 1002 for the piece 101.
Fri Apr 20 18:23:57 EDT 2018: Peer 1001 received the 'have' message from Peer 1002 for the piece 33.
Fri Apr 20 18:23:57 EDT 2018: Peer 1001 received the 'have' message from Peer 1002 for the piece 228.
Fri Apr 20 18:23:57 EDT 2018: Peer 1001 received the 'have' message from Peer 1002 for the piece 202.
Fri Apr 20 18:23:57 EDT 2018: Peer 1001 received the 'have' message from Peer 1002 for the piece 98.
Fri Apr 20 18:23:57 EDT 2018: Peer 1001 received the 'have' message from Peer 1002 for the piece 25.
Fri Apr 20 18:23:57 EDT 2018: Peer 1001 received the 'have' message from Peer 1002 for the piece 266.
Fri Apr 20 18:23:57 EDT 2018: Peer 1001 received the 'have' message from Peer 1002 for the piece 159.
Fri Apr 20 18:23:57 EDT 2018: Peer 1001 received the 'have' message from Peer 1002 for the piece 68.
Fri Apr 20 18:23:57 EDT 2018: Peer 1001 received the 'have' message from Peer 1002 for the piece 141.
Fri Apr 20 18:23:57 EDT 2018: Peer 1001 received the 'have' message from Peer 1002 for the piece 170.
Fri Apr 20 18:23:57 EDT 2018: Peer 1001 received the 'have' message from Peer 1002 for the piece 212.
Fri Apr 20 18:23:57 EDT 2018: Peer 1001 received the 'have' message from Peer 1002 for the piece 264.
Fri Apr 20 18:23:57 EDT 2018: Peer 1001 received the 'have' message from Peer 1002 for the piece 111.
Fri Apr 20 18:23:57 EDT 2018: Peer 1001 received the 'have' message from Peer 1002 for the piece 43.
Fri Apr 20 18:23:57 EDT 2018: Peer 1001 received the 'have' message from Peer 1002 for the piece 269.
Fri Apr 20 18:23:57 EDT 2018: Peer 1001 received the 'have' message from Peer 1002 for the piece 237.
Fri Apr 20 18:23:57 EDT 2018: Peer 1001 received the 'have' message from Peer 1002 for the piece 20.
Fri Apr 20 18:23:57 EDT 2018: Peer 1001 received the 'have' message from Peer 1002 for the piece 41.
Fri Apr 20 18:23:57 EDT 2018: Peer 1001 received the 'have' message from Peer 1002 for the piece 47.
Fri Apr 20 18:23:57 EDT 2018: Peer 1001 received the 'have' message from Peer 1002 for the piece 281.
Fri Apr 20 18:23:57 EDT 2018: Peer 1001 received the 'have' message from Peer 1002 for the piece 197.
Fri Apr 20 18:23:58 EDT 2018: Peer 1001 received the 'have' message from Peer 1002 for the piece 142.
Fri Apr 20 18:23:58 EDT 2018: Peer 1001 received the 'have' message from Peer 1002 for the piece 123.
Fri Apr 20 18:23:58 EDT 2018: Peer 1001 received the 'have' message from Peer 1002 for the piece 83.
Fri Apr 20 18:23:58 EDT 2018: Peer 1001 received the 'have' message from Peer 1002 for the piece 270.
Fri Apr 20 18:23:58 EDT 2018: Peer 1001 received the 'have' message from Peer 1002 for the piece 239.
Fri Apr 20 18:23:58 EDT 2018: Peer 1001 received the 'have' message from Peer 1002 for the piece 67.
Fri Apr 20 18:23:58 EDT 2018: Peer 1001 received the 'have' message from Peer 1002 for the piece 213.
Fri Apr 20 18:23:58 EDT 2018: Peer 1001 received the 'have' message from Peer 1002 for the piece 156.
Fri Apr 20 18:23:58 EDT 2018: Peer 1001 received the 'have' message from Peer 1002 for the piece 114.
Fri Apr 20 18:23:58 EDT 2018: Peer 1001 received the 'have' message from Peer 1002 for the piece 146.
Fri Apr 20 18:23:58 EDT 2018: Peer 1001 received the 'have' message from Peer 1002 for the piece 224.
Fri Apr 20 18:23:58 EDT 2018: Peer 1001 received the 'have' message from Peer 1002 for the piece 277.
Fri Apr 20 18:23:58 EDT 2018: Peer 1001 received the 'have' message from Peer 1002 for the piece 280.
Fri Apr 20 18:23:58 EDT 2018: Peer 1001 received the 'have' message from Peer 1002 for the piece 193.
Fri Apr 20 18:23:58 EDT 2018: Peer 1001 received the 'have' message from Peer 1002 for the piece 285.
Fri Apr 20 18:23:58 EDT 2018: Peer 1001 received the 'have' message from Peer 1002 for the piece 139.
Fri Apr 20 18:23:58 EDT 2018: Peer 1001 received the 'have' message from Peer 1002 for the piece 245.
Fri Apr 20 18:23:58 EDT 2018: Peer 1001 received the 'have' message from Peer 1002 for the piece 138.
Fri Apr 20 18:23:58 EDT 2018: Peer 1001 received the 'have' message from Peer 1002 for the piece 32.
Fri Apr 20 18:23:58 EDT 2018: Peer 1001 received the 'have' message from Peer 1002 for the piece 173.
Fri Apr 20 18:23:58 EDT 2018: Peer 1001 received the 'have' message from Peer 1002 for the piece 79.
Fri Apr 20 18:23:58 EDT 2018: Peer 1001 received the 'have' message from Peer 1002 for the piece 11.
Fri Apr 20 18:23:58 EDT 2018: Peer 1001 received the 'have' message from Peer 1002 for the piece 199.
Fri Apr 20 18:23:58 EDT 2018: Peer 1001 received the 'have' message from Peer 1002 for the piece 278.
Fri Apr 20 18:23:58 EDT 2018: Peer 1001 received the 'have' message from Peer 1002 for the piece 186.
Fri Apr 20 18:23:58 EDT 2018: Peer 1001 received the 'have' message from Peer 1002 for the piece 73.
Fri Apr 20 18:23:58 EDT 2018: Peer 1001 received the 'have' message from Peer 1002 for the piece 221.
Fri Apr 20 18:23:58 EDT 2018: Peer 1001 received the 'have' message from Peer 1002 for the piece 161.
Fri Apr 20 18:23:58 EDT 2018: Peer 1001 received the 'have' message from Peer 1002 for the piece 154.
Fri Apr 20 18:23:58 EDT 2018: Peer 1001 received the 'have' message from Peer 1002 for the piece 204.
Fri Apr 20 18:23:58 EDT 2018: Peer 1001 received the 'have' message from Peer 1002 for the piece 27.
Fri Apr 20 18:23:58 EDT 2018: Peer 1001 received the 'have' message from Peer 1002 for the piece 272.
Fri Apr 20 18:23:58 EDT 2018: Peer 1001 received the 'have' message from Peer 1002 for the piece 219.
Fri Apr 20 18:23:58 EDT 2018: Peer 1001 received the 'have' message from Peer 1002 for the piece 218.
Fri Apr 20 18:23:58 EDT 2018: Peer 1001 received the 'have' message from Peer 1002 for the piece 99.
Fri Apr 20 18:23:58 EDT 2018: Peer 1001 received the 'have' message from Peer 1002 for the piece 217.
Fri Apr 20 18:23:58 EDT 2018: Peer 1001 received the 'have' message from Peer 1002 for the piece 254.
Fri Apr 20 18:23:58 EDT 2018: Peer 1001 received the 'have' message from Peer 1002 for the piece 244.
Fri Apr 20 18:23:58 EDT 2018: Peer 1001 received the 'have' message from Peer 1002 for the piece 136.
Fri Apr 20 18:23:58 EDT 2018: Peer 1001 received the 'have' message from Peer 1002 for the piece 86.
Fri Apr 20 18:23:58 EDT 2018: Peer 1001 received the 'have' message from Peer 1002 for the piece 85.
Fri Apr 20 18:23:58 EDT 2018: Peer 1001 received the 'have' message from Peer 1002 for the piece 190.
Fri Apr 20 18:23:58 EDT 2018: Peer 1001 received the 'have' message from Peer 1002 for the piece 0.
Fri Apr 20 18:23:58 EDT 2018: Peer 1001 received the 'have' message from Peer 1002 for the piece 248.
Fri Apr 20 18:23:58 EDT 2018: Peer 1001 received the 'have' message from Peer 1002 for the piece 74.
Fri Apr 20 18:23:58 EDT 2018: Peer 1001 received the 'have' message from Peer 1002 for the piece 31.
Fri Apr 20 18:23:58 EDT 2018: Peer 1001 received the 'have' message from Peer 1002 for the piece 71.
Fri Apr 20 18:23:58 EDT 2018: Peer 1001 received the 'have' message from Peer 1002 for the piece 240.
Fri Apr 20 18:23:58 EDT 2018: Peer 1001 received the 'have' message from Peer 1002 for the piece 64.
Fri Apr 20 18:23:58 EDT 2018: Peer 1001 received the 'have' message from Peer 1002 for the piece 112.
Fri Apr 20 18:23:58 EDT 2018: Peer 1001 received the 'have' message from Peer 1002 for the piece 3.
Fri Apr 20 18:23:58 EDT 2018: Peer 1001 received the 'have' message from Peer 1002 for the piece 247.
Fri Apr 20 18:23:58 EDT 2018: Peer 1001 received the 'have' message from Peer 1002 for the piece 77.
Fri Apr 20 18:23:58 EDT 2018: Peer 1001 received the 'have' message from Peer 1002 for the piece 200.
Fri Apr 20 18:23:58 EDT 2018: Peer 1001 received the 'have' message from Peer 1002 for the piece 293.
Fri Apr 20 18:23:58 EDT 2018: Peer 1001 received the 'have' message from Peer 1002 for the piece 182.
Fri Apr 20 18:23:58 EDT 2018: Peer 1001 received the 'have' message from Peer 1002 for the piece 208.
Fri Apr 20 18:23:58 EDT 2018: Peer 1001 received the 'have' message from Peer 1002 for the piece 206.
Fri Apr 20 18:23:58 EDT 2018: Peer 1001 received the 'have' message from Peer 1002 for the piece 118.
Fri Apr 20 18:23:58 EDT 2018: Peer 1001 received the 'have' message from Peer 1002 for the piece 124.
Fri Apr 20 18:23:58 EDT 2018: Peer 1001 received the 'have' message from Peer 1002 for the piece 66.
Fri Apr 20 18:23:58 EDT 2018: Peer 1001 received the 'have' message from Peer 1002 for the piece 149.
Fri Apr 20 18:23:58 EDT 2018: Peer 1001 received the 'have' message from Peer 1002 for the piece 203.
Fri Apr 20 18:23:58 EDT 2018: Peer 1001 received the 'have' message from Peer 1002 for the piece 235.
Fri Apr 20 18:23:58 EDT 2018: Peer 1001 received the 'have' message from Peer 1002 for the piece 37.
Fri Apr 20 18:23:58 EDT 2018: Peer 1001 received the 'have' message from Peer 1002 for the piece 128.
Fri Apr 20 18:23:58 EDT 2018: Peer 1001 received the 'have' message from Peer 1002 for the piece 261.
Fri Apr 20 18:23:58 EDT 2018: Peer 1001 received the 'have' message from Peer 1002 for the piece 296.
Fri Apr 20 18:23:58 EDT 2018: Peer 1001 received the 'have' message from Peer 1002 for the piece 60.
Fri Apr 20 18:23:58 EDT 2018: Peer 1001 received the 'have' message from Peer 1002 for the piece 28.
Fri Apr 20 18:23:58 EDT 2018: Peer 1001 received the 'have' message from Peer 1002 for the piece 107.
Fri Apr 20 18:23:58 EDT 2018: Peer 1001 received the 'have' message from Peer 1002 for the piece 116.
Fri Apr 20 18:23:58 EDT 2018: Peer 1001 received the 'have' message from Peer 1002 for the piece 157.
Fri Apr 20 18:23:58 EDT 2018: Peer 1001 received the 'have' message from Peer 1002 for the piece 45.
Fri Apr 20 18:23:58 EDT 2018: Peer 1001 received the 'have' message from Peer 1002 for the piece 292.
Fri Apr 20 18:23:58 EDT 2018: Peer 1001 received the 'have' message from Peer 1002 for the piece 50.
Fri Apr 20 18:23:58 EDT 2018: Peer 1001 received the 'have' message from Peer 1002 for the piece 14.
Fri Apr 20 18:23:58 EDT 2018: Peer 1001 received the 'have' message from Peer 1002 for the piece 102.
Fri Apr 20 18:23:58 EDT 2018: Peer 1001 received the 'have' message from Peer 1002 for the piece 127.
Fri Apr 20 18:23:58 EDT 2018: Peer 1001 received the 'have' message from Peer 1002 for the piece 78.
Fri Apr 20 18:23:59 EDT 2018: Peer 1001 received the 'have' message from Peer 1002 for the piece 24.
Fri Apr 20 18:23:59 EDT 2018: Peer 1001 received the 'have' message from Peer 1002 for the piece 90.
Fri Apr 20 18:23:59 EDT 2018: Peer 1001 received the 'have' message from Peer 1002 for the piece 290.
Fri Apr 20 18:23:59 EDT 2018: Peer 1001 received the 'have' message from Peer 1002 for the piece 174.
Fri Apr 20 18:23:59 EDT 2018: Peer 1001 received the 'have' message from Peer 1002 for the piece 242.
Fri Apr 20 18:23:59 EDT 2018: Peer 1001 received the 'have' message from Peer 1002 for the piece 143.
Fri Apr 20 18:23:59 EDT 2018: Peer 1001 received the 'have' message from Peer 1002 for the piece 286.
Fri Apr 20 18:23:59 EDT 2018: Peer 1001 received the 'have' message from Peer 1002 for the piece 291.
Fri Apr 20 18:23:59 EDT 2018: Peer 1001 received the 'have' message from Peer 1002 for the piece 214.
Fri Apr 20 18:23:59 EDT 2018: Peer 1001 received the 'have' message from Peer 1002 for the piece 289.
Fri Apr 20 18:23:59 EDT 2018: Peer 1001 received the 'have' message from Peer 1002 for the piece 106.
Fri Apr 20 18:23:59 EDT 2018: Peer 1001 received the 'have' message from Peer 1002 for the piece 215.
Fri Apr 20 18:23:59 EDT 2018: Peer 1001 received the 'have' message from Peer 1002 for the piece 189.
Fri Apr 20 18:23:59 EDT 2018: Peer 1001 received the 'have' message from Peer 1002 for the piece 72.
Fri Apr 20 18:23:59 EDT 2018: Peer 1001 received the 'have' message from Peer 1002 for the piece 117.
Fri Apr 20 18:23:59 EDT 2018: Peer 1001 received the 'have' message from Peer 1002 for the piece 294.
Fri Apr 20 18:23:59 EDT 2018: Peer 1001 received the 'have' message from Peer 1002 for the piece 191.
Fri Apr 20 18:23:59 EDT 2018: Peer 1001 received the 'have' message from Peer 1002 for the piece 115.
Fri Apr 20 18:23:59 EDT 2018: Peer 1001 received the 'have' message from Peer 1002 for the piece 63.
Fri Apr 20 18:23:59 EDT 2018: Peer 1001 received the 'have' message from Peer 1002 for the piece 137.
Fri Apr 20 18:23:59 EDT 2018: Peer 1001 received the 'have' message from Peer 1002 for the piece 76.
Fri Apr 20 18:23:59 EDT 2018: Peer 1001 received the 'have' message from Peer 1002 for the piece 284.
Fri Apr 20 18:23:59 EDT 2018: Peer 1001 received the 'have' message from Peer 1002 for the piece 210.
Fri Apr 20 18:23:59 EDT 2018: Peer 1001 received the 'have' message from Peer 1002 for the piece 95.
Fri Apr 20 18:23:59 EDT 2018: Peer 1001 received the 'have' message from Peer 1002 for the piece 105.
Fri Apr 20 18:23:59 EDT 2018: Peer 1001 received the 'have' message from Peer 1002 for the piece 69.
Fri Apr 20 18:23:59 EDT 2018: Peer 1001 received the 'have' message from Peer 1002 for the piece 279.
Fri Apr 20 18:23:59 EDT 2018: Peer 1001 received the 'have' message from Peer 1002 for the piece 103.
Fri Apr 20 18:23:59 EDT 2018: Peer 1001 received the 'have' message from Peer 1002 for the piece 298.
Fri Apr 20 18:23:59 EDT 2018: Peer 1001 received the 'have' message from Peer 1002 for the piece 10.
Fri Apr 20 18:23:59 EDT 2018: Peer 1001 received the 'have' message from Peer 1002 for the piece 160.
Fri Apr 20 18:23:59 EDT 2018: Peer 1001 received the 'have' message from Peer 1002 for the piece 152.
Fri Apr 20 18:23:59 EDT 2018: Peer 1001 received the 'have' message from Peer 1002 for the piece 192.
Fri Apr 20 18:23:59 EDT 2018: Peer 1001 is unchoked by Peer 1003.
Fri Apr 20 18:23:59 EDT 2018: Peer 1001 received the 'have' message from Peer 1002 for the piece 49.
Fri Apr 20 18:23:59 EDT 2018: Peer 1001 received the 'have' message from Peer 1002 for the piece 7.
Fri Apr 20 18:23:59 EDT 2018: Peer 1001 received the 'have' message from Peer 1002 for the piece 169.
Fri Apr 20 18:23:59 EDT 2018: Peer 1001 received the 'have' message from Peer 1002 for the piece 46.
Fri Apr 20 18:23:59 EDT 2018: Peer 1001 received the 'have' message from Peer 1002 for the piece 120.
Fri Apr 20 18:23:59 EDT 2018: Peer 1001 received the 'have' message from Peer 1002 for the piece 207.
Fri Apr 20 18:23:59 EDT 2018: Peer 1001 received the 'have' message from Peer 1002 for the piece 246.
Fri Apr 20 18:23:59 EDT 2018: Peer 1001 received the 'have' message from Peer 1002 for the piece 276.
Fri Apr 20 18:23:59 EDT 2018: Peer 1001 received the 'have' message from Peer 1002 for the piece 250.
Fri Apr 20 18:23:59 EDT 2018: Peer 1001 received the 'have' message from Peer 1002 for the piece 180.
Fri Apr 20 18:23:59 EDT 2018: Peer 1001 received the 'have' message from Peer 1002 for the piece 229.
Fri Apr 20 18:23:59 EDT 2018: Peer 1001 received the 'have' message from Peer 1002 for the piece 131.
Fri Apr 20 18:23:59 EDT 2018: Peer 1001 received the 'have' message from Peer 1002 for the piece 258.
Fri Apr 20 18:23:59 EDT 2018: Peer 1001 received the 'have' message from Peer 1002 for the piece 121.
Fri Apr 20 18:23:59 EDT 2018: Peer 1001 received the 'have' message from Peer 1002 for the piece 275.
Fri Apr 20 18:23:59 EDT 2018: Peer 1001 received the 'have' message from Peer 1002 for the piece 236.
Fri Apr 20 18:23:59 EDT 2018: Peer 1001 has the Preferred neighbours [1001, 1002].
Fri Apr 20 18:23:59 EDT 2018: Peer 1001 has the optimistically unchoked neighbour Peer 1002.
Fri Apr 20 18:23:59 EDT 2018: Peer 1001 received the 'have' message from Peer 1002 for the piece 144.
Fri Apr 20 18:23:59 EDT 2018: Peer 1001 received the 'have' message from Peer 1002 for the piece 100.
Fri Apr 20 18:23:59 EDT 2018: Peer 1001 is unchoked by Peer 1002.
Fri Apr 20 18:23:59 EDT 2018: Peer 1001 received the 'have' message from Peer 1002 for the piece 273.
Fri Apr 20 18:23:59 EDT 2018: Peer 1001 received the 'have' message from Peer 1003 for the piece 142.
Fri Apr 20 18:23:59 EDT 2018: Peer 1001 received the 'have' message from Peer 1003 for the piece 117.
Fri Apr 20 18:23:59 EDT 2018: Peer 1001 received the 'have' message from Peer 1002 for the piece 195.
Fri Apr 20 18:23:59 EDT 2018: Peer 1001 received the 'have' message from Peer 1002 for the piece 126.
Fri Apr 20 18:23:59 EDT 2018: Peer 1001 received the 'have' message from Peer 1003 for the piece 215.
Fri Apr 20 18:23:59 EDT 2018: Peer 1001 received the 'have' message from Peer 1002 for the piece 57.
Fri Apr 20 18:23:59 EDT 2018: Peer 1001 received the 'have' message from Peer 1002 for the piece 54.
Fri Apr 20 18:23:59 EDT 2018: Peer 1001 received the 'have' message from Peer 1003 for the piece 264.
Fri Apr 20 18:23:59 EDT 2018: Peer 1001 received the 'have' message from Peer 1002 for the piece 122.
Fri Apr 20 18:23:59 EDT 2018: Peer 1001 received the 'have' message from Peer 1002 for the piece 153.
Fri Apr 20 18:23:59 EDT 2018: Peer 1001 received the 'have' message from Peer 1003 for the piece 74.
Fri Apr 20 18:23:59 EDT 2018: Peer 1001 received the 'have' message from Peer 1002 for the piece 109.
Fri Apr 20 18:23:59 EDT 2018: Peer 1001 received the 'have' message from Peer 1003 for the piece 159.
Fri Apr 20 18:23:59 EDT 2018: Peer 1001 received the 'have' message from Peer 1002 for the piece 133.
Fri Apr 20 18:23:59 EDT 2018: Peer 1001 received the 'have' message from Peer 1002 for the piece 88.
Fri Apr 20 18:23:59 EDT 2018: Peer 1001 received the 'have' message from Peer 1002 for the piece 253.
Fri Apr 20 18:23:59 EDT 2018: Peer 1001 received the 'have' message from Peer 1003 for the piece 111.
Fri Apr 20 18:23:59 EDT 2018: Peer 1001 received the 'have' message from Peer 1003 for the piece 138.
Fri Apr 20 18:23:59 EDT 2018: Peer 1001 received the 'have' message from Peer 1002 for the piece 48.
Fri Apr 20 18:23:59 EDT 2018: Peer 1001 received the 'have' message from Peer 1003 for the piece 78.
Fri Apr 20 18:23:59 EDT 2018: Peer 1001 received the 'have' message from Peer 1002 for the piece 158.
Fri Apr 20 18:23:59 EDT 2018: Peer 1001 received the 'have' message from Peer 1002 for the piece 211.
Fri Apr 20 18:23:59 EDT 2018: Peer 1001 received the 'have' message from Peer 1003 for the piece 204.
Fri Apr 20 18:23:59 EDT 2018: Peer 1001 received the 'have' message from Peer 1002 for the piece 94.
Fri Apr 20 18:23:59 EDT 2018: Peer 1001 received the 'have' message from Peer 1002 for the piece 187.
Fri Apr 20 18:23:59 EDT 2018: Peer 1001 received the 'have' message from Peer 1003 for the piece 32.
Fri Apr 20 18:23:59 EDT 2018: Peer 1001 received the 'have' message from Peer 1002 for the piece 23.
Fri Apr 20 18:23:59 EDT 2018: Peer 1001 received the 'have' message from Peer 1002 for the piece 288.
Fri Apr 20 18:23:59 EDT 2018: Peer 1001 received the 'have' message from Peer 1002 for the piece 59.
Fri Apr 20 18:23:59 EDT 2018: Peer 1001 received the 'have' message from Peer 1003 for the piece 258.
Fri Apr 20 18:23:59 EDT 2018: Peer 1001 received the 'have' message from Peer 1002 for the piece 93.
Fri Apr 20 18:23:59 EDT 2018: Peer 1001 received the 'have' message from Peer 1002 for the piece 82.
Fri Apr 20 18:23:59 EDT 2018: Peer 1001 received the 'have' message from Peer 1003 for the piece 192.
Fri Apr 20 18:23:59 EDT 2018: Peer 1001 received the 'have' message from Peer 1002 for the piece 268.
Fri Apr 20 18:23:59 EDT 2018: Peer 1001 received the 'have' message from Peer 1002 for the piece 177.
Fri Apr 20 18:23:59 EDT 2018: Peer 1001 received the 'have' message from Peer 1003 for the piece 218.
Fri Apr 20 18:23:59 EDT 2018: Peer 1001 received the 'have' message from Peer 1002 for the piece 56.
Fri Apr 20 18:23:59 EDT 2018: Peer 1001 received the 'have' message from Peer 1003 for the piece 48.
Fri Apr 20 18:23:59 EDT 2018: Peer 1001 received the 'have' message from Peer 1002 for the piece 58.
Fri Apr 20 18:23:59 EDT 2018: Peer 1001 received the 'have' message from Peer 1002 for the piece 251.
Fri Apr 20 18:24:00 EDT 2018: Peer 1001 received the 'have' message from Peer 1002 for the piece 267.
Fri Apr 20 18:24:00 EDT 2018: Peer 1001 received the 'have' message from Peer 1003 for the piece 203.
Fri Apr 20 18:24:00 EDT 2018: Peer 1001 received the 'have' message from Peer 1002 for the piece 140.
Fri Apr 20 18:24:00 EDT 2018: Peer 1001 received the 'have' message from Peer 1003 for the piece 14.
Fri Apr 20 18:24:00 EDT 2018: Peer 1001 received the 'have' message from Peer 1003 for the piece 141.
Fri Apr 20 18:24:00 EDT 2018: Peer 1001 received the 'have' message from Peer 1002 for the piece 184.
Fri Apr 20 18:24:00 EDT 2018: Peer 1001 received the 'have' message from Peer 1003 for the piece 124.
Fri Apr 20 18:24:00 EDT 2018: Peer 1001 received the 'have' message from Peer 1002 for the piece 297.
Fri Apr 20 18:24:00 EDT 2018: Peer 1001 received the 'have' message from Peer 1002 for the piece 205.
Fri Apr 20 18:24:00 EDT 2018: Peer 1001 received the 'have' message from Peer 1002 for the piece 119.
Fri Apr 20 18:24:00 EDT 2018: Peer 1001 received the 'have' message from Peer 1002 for the piece 225.
Fri Apr 20 18:24:00 EDT 2018: Peer 1001 received the 'have' message from Peer 1002 for the piece 171.
Fri Apr 20 18:24:00 EDT 2018: Peer 1001 received the 'have' message from Peer 1002 for the piece 148.
Fri Apr 20 18:24:00 EDT 2018: Peer 1001 received the 'have' message from Peer 1003 for the piece 120.
Fri Apr 20 18:24:00 EDT 2018: Peer 1001 received the 'have' message from Peer 1002 for the piece 2.
Fri Apr 20 18:24:00 EDT 2018: Peer 1001 received the 'have' message from Peer 1002 for the piece 18.
Fri Apr 20 18:24:00 EDT 2018: Peer 1001 received the 'have' message from Peer 1002 for the piece 274.
Fri Apr 20 18:24:00 EDT 2018: Peer 1001 received the 'have' message from Peer 1002 for the piece 61.
Fri Apr 20 18:24:00 EDT 2018: Peer 1001 received the 'have' message from Peer 1003 for the piece 27.
Fri Apr 20 18:24:00 EDT 2018: Peer 1001 received the 'have' message from Peer 1002 for the piece 283.
Fri Apr 20 18:24:00 EDT 2018: Peer 1001 received the 'have' message from Peer 1002 for the piece 241.
Fri Apr 20 18:24:00 EDT 2018: Peer 1001 received the 'have' message from Peer 1002 for the piece 40.
Fri Apr 20 18:24:00 EDT 2018: Peer 1001 received the 'have' message from Peer 1003 for the piece 77.
Fri Apr 20 18:24:00 EDT 2018: Peer 1001 received the 'have' message from Peer 1002 for the piece 42.
Fri Apr 20 18:24:00 EDT 2018: Peer 1001 received the 'have' message from Peer 1002 for the piece 34.
Fri Apr 20 18:24:00 EDT 2018: Peer 1001 received the 'have' message from Peer 1003 for the piece 76.
Fri Apr 20 18:24:00 EDT 2018: Peer 1001 received the 'have' message from Peer 1002 for the piece 209.
Fri Apr 20 18:24:00 EDT 2018: Peer 1001 received the 'have' message from Peer 1003 for the piece 59.
Fri Apr 20 18:24:00 EDT 2018: Peer 1001 received the 'have' message from Peer 1002 for the piece 108.
Fri Apr 20 18:24:00 EDT 2018: Peer 1001 received the 'have' message from Peer 1003 for the piece 47.
Fri Apr 20 18:24:00 EDT 2018: Peer 1001 received the 'have' message from Peer 1002 for the piece 30.
Fri Apr 20 18:24:00 EDT 2018: Peer 1001 received the 'have' message from Peer 1003 for the piece 197.
Fri Apr 20 18:24:00 EDT 2018: Peer 1001 received the 'have' message from Peer 1002 for the piece 97.
Fri Apr 20 18:24:00 EDT 2018: Peer 1001 received the 'have' message from Peer 1002 for the piece 17.
Fri Apr 20 18:24:00 EDT 2018: Peer 1001 received the 'have' message from Peer 1003 for the piece 195.
Fri Apr 20 18:24:00 EDT 2018: Peer 1001 received the 'have' message from Peer 1003 for the piece 191.
Fri Apr 20 18:24:00 EDT 2018: Peer 1001 received the 'have' message from Peer 1002 for the piece 299.
Fri Apr 20 18:24:00 EDT 2018: Peer 1001 received the 'have' message from Peer 1002 for the piece 62.
Fri Apr 20 18:24:00 EDT 2018: Peer 1001 received the 'have' message from Peer 1003 for the piece 149.
Fri Apr 20 18:24:00 EDT 2018: Peer 1001 received the 'have' message from Peer 1003 for the piece 97.
Fri Apr 20 18:24:00 EDT 2018: Peer 1001 received the 'have' message from Peer 1002 for the piece 36.
Fri Apr 20 18:24:00 EDT 2018: Peer 1001 received the 'have' message from Peer 1003 for the piece 99.
Fri Apr 20 18:24:00 EDT 2018: Peer 1001 received the 'have' message from Peer 1002 for the piece 151.
Fri Apr 20 18:24:00 EDT 2018: Peer 1001 received the 'have' message from Peer 1003 for the piece 102.
Fri Apr 20 18:24:00 EDT 2018: Peer 1001 received the 'have' message from Peer 1002 for the piece 166.
Fri Apr 20 18:24:00 EDT 2018: Peer 1001 received the 'have' message from Peer 1002 for the piece 51.
Fri Apr 20 18:24:00 EDT 2018: Peer 1001 received the 'have' message from Peer 1003 for the piece 2.
Fri Apr 20 18:24:00 EDT 2018: Peer 1001 received the 'have' message from Peer 1003 for the piece 90.
Fri Apr 20 18:24:00 EDT 2018: Peer 1001 received the 'have' message from Peer 1002 for the piece 39.
Fri Apr 20 18:24:00 EDT 2018: Peer 1001 received the 'have' message from Peer 1002 for the piece 70.
Fri Apr 20 18:24:00 EDT 2018: Peer 1001 received the 'have' message from Peer 1002 for the piece 134.
Fri Apr 20 18:24:00 EDT 2018: Peer 1001 received the 'have' message from Peer 1003 for the piece 268.
Fri Apr 20 18:24:00 EDT 2018: Peer 1001 received the 'have' message from Peer 1002 for the piece 252.
Fri Apr 20 18:24:00 EDT 2018: Peer 1001 received the 'have' message from Peer 1002 for the piece 38.
Fri Apr 20 18:24:00 EDT 2018: Peer 1001 received the 'have' message from Peer 1002 for the piece 132.
Fri Apr 20 18:24:00 EDT 2018: Peer 1001 received the 'have' message from Peer 1003 for the piece 170.
Fri Apr 20 18:24:00 EDT 2018: Peer 1001 received the 'have' message from Peer 1002 for the piece 263.
Fri Apr 20 18:24:00 EDT 2018: Peer 1001 received the 'have' message from Peer 1003 for the piece 73.
Fri Apr 20 18:24:00 EDT 2018: Peer 1001 received the 'have' message from Peer 1002 for the piece 92.
Fri Apr 20 18:24:00 EDT 2018: Peer 1001 received the 'have' message from Peer 1003 for the piece 281.
Fri Apr 20 18:24:00 EDT 2018: Peer 1001 received the 'have' message from Peer 1002 for the piece 91.
Fri Apr 20 18:24:00 EDT 2018: Peer 1001 received the 'have' message from Peer 1002 for the piece 220.
Fri Apr 20 18:24:00 EDT 2018: Peer 1001 received the 'have' message from Peer 1003 for the piece 137.
Fri Apr 20 18:24:00 EDT 2018: Peer 1001 received the 'have' message from Peer 1002 for the piece 81.
Fri Apr 20 18:24:00 EDT 2018: Peer 1001 received the 'have' message from Peer 1003 for the piece 247.
Fri Apr 20 18:24:00 EDT 2018: Peer 1001 received the 'have' message from Peer 1002 for the piece 198.
Fri Apr 20 18:24:00 EDT 2018: Peer 1001 received the 'have' message from Peer 1003 for the piece 171.
Fri Apr 20 18:24:00 EDT 2018: Peer 1001 received the 'have' message from Peer 1002 for the piece 260.
Fri Apr 20 18:24:00 EDT 2018: Peer 1001 received the 'have' message from Peer 1002 for the piece 249.
Fri Apr 20 18:24:00 EDT 2018: Peer 1001 received the 'have' message from Peer 1003 for the piece 288.
Fri Apr 20 18:24:00 EDT 2018: Peer 1001 received the 'have' message from Peer 1003 for the piece 292.
Fri Apr 20 18:24:00 EDT 2018: Peer 1001 received the 'have' message from Peer 1002 for the piece 243.
Fri Apr 20 18:24:00 EDT 2018: Peer 1001 received the 'have' message from Peer 1003 for the piece 91.
Fri Apr 20 18:24:00 EDT 2018: Peer 1001 received the 'have' message from Peer 1002 for the piece 4.
Fri Apr 20 18:24:00 EDT 2018: Peer 1001 received the 'have' message from Peer 1003 for the piece 69.
Fri Apr 20 18:24:00 EDT 2018: Peer 1001 received the 'have' message from Peer 1002 for the piece 233.
Fri Apr 20 18:24:00 EDT 2018: Peer 1001 received the 'have' message from Peer 1003 for the piece 249.
Fri Apr 20 18:24:00 EDT 2018: Peer 1001 received the 'have' message from Peer 1002 for the piece 176.
Fri Apr 20 18:24:00 EDT 2018: Peer 1001 received the 'have' message from Peer 1002 for the piece 287.
Fri Apr 20 18:24:00 EDT 2018: Peer 1001 received the 'have' message from Peer 1003 for the piece 177.
Fri Apr 20 18:24:00 EDT 2018: Peer 1001 received the 'have' message from Peer 1003 for the piece 81.
Fri Apr 20 18:24:00 EDT 2018: Peer 1001 received the 'have' message from Peer 1002 for the piece 55.
Fri Apr 20 18:24:00 EDT 2018: Peer 1001 received the 'have' message from Peer 1003 for the piece 49.
Fri Apr 20 18:24:00 EDT 2018: Peer 1001 received the 'have' message from Peer 1003 for the piece 121.
Fri Apr 20 18:24:00 EDT 2018: Peer 1001 received the 'have' message from Peer 1002 for the piece 231.
Fri Apr 20 18:24:00 EDT 2018: Peer 1001 received the 'have' message from Peer 1002 for the piece 194.
Fri Apr 20 18:24:00 EDT 2018: Peer 1001 received the 'have' message from Peer 1003 for the piece 200.
Fri Apr 20 18:24:00 EDT 2018: Peer 1001 received the 'have' message from Peer 1002 for the piece 164.
Fri Apr 20 18:24:00 EDT 2018: Peer 1001 received the 'have' message from Peer 1003 for the piece 88.
Fri Apr 20 18:24:00 EDT 2018: Peer 1001 received the 'have' message from Peer 1002 for the piece 44.
Fri Apr 20 18:24:00 EDT 2018: Peer 1001 received the 'have' message from Peer 1002 for the piece 89.
Fri Apr 20 18:24:00 EDT 2018: Peer 1001 received the 'have' message from Peer 1003 for the piece 280.
Fri Apr 20 18:24:00 EDT 2018: Peer 1001 received the 'have' message from Peer 1002 for the piece 227.
Fri Apr 20 18:24:00 EDT 2018: Peer 1001 received the 'have' message from Peer 1002 for the piece 150.
Fri Apr 20 18:24:00 EDT 2018: Peer 1001 received the 'have' message from Peer 1003 for the piece 169.
Fri Apr 20 18:24:00 EDT 2018: Peer 1001 received the 'have' message from Peer 1003 for the piece 199.
Fri Apr 20 18:24:00 EDT 2018: Peer 1001 received the 'have' message from Peer 1002 for the piece 223.
Fri Apr 20 18:24:01 EDT 2018: Peer 1001 received the 'have' message from Peer 1003 for the piece 294.
Fri Apr 20 18:24:01 EDT 2018: Peer 1001 received the 'have' message from Peer 1002 for the piece 172.
Fri Apr 20 18:24:01 EDT 2018: Peer 1001 received the 'have' message from Peer 1002 for the piece 257.
Fri Apr 20 18:24:01 EDT 2018: Peer 1001 received the 'have' message from Peer 1003 for the piece 251.
Fri Apr 20 18:24:01 EDT 2018: Peer 1001 received the 'have' message from Peer 1003 for the piece 106.
Fri Apr 20 18:24:01 EDT 2018: Peer 1001 received the 'have' message from Peer 1002 for the piece 185.
Fri Apr 20 18:24:01 EDT 2018: Peer 1001 received the 'have' message from Peer 1003 for the piece 270.
Fri Apr 20 18:24:01 EDT 2018: Peer 1001 received the 'have' message from Peer 1002 for the piece 53.
Fri Apr 20 18:24:01 EDT 2018: Peer 1001 received the 'have' message from Peer 1003 for the piece 291.
Fri Apr 20 18:24:01 EDT 2018: Peer 1001 received the 'have' message from Peer 1002 for the piece 16.
Fri Apr 20 18:24:01 EDT 2018: Peer 1001 received the 'have' message from Peer 1003 for the piece 160.
Fri Apr 20 18:24:01 EDT 2018: Peer 1001 received the 'have' message from Peer 1002 for the piece 262.
Fri Apr 20 18:24:01 EDT 2018: Peer 1001 received the 'have' message from Peer 1003 for the piece 253.
Fri Apr 20 18:24:01 EDT 2018: Peer 1001 received the 'have' message from Peer 1002 for the piece 110.
Fri Apr 20 18:24:01 EDT 2018: Peer 1001 received the 'have' message from Peer 1003 for the piece 193.
Fri Apr 20 18:24:01 EDT 2018: Peer 1001 received the 'have' message from Peer 1002 for the piece 8.
Fri Apr 20 18:24:01 EDT 2018: Peer 1001 received the 'have' message from Peer 1003 for the piece 54.
Fri Apr 20 18:24:01 EDT 2018: Peer 1001 received the 'have' message from Peer 1002 for the piece 216.
Fri Apr 20 18:24:01 EDT 2018: Peer 1001 received the 'have' message from Peer 1002 for the piece 255.
Fri Apr 20 18:24:01 EDT 2018: Peer 1001 received the 'have' message from Peer 1003 for the piece 154.
Fri Apr 20 18:24:01 EDT 2018: Peer 1001 received the 'have' message from Peer 1002 for the piece 15.
Fri Apr 20 18:24:01 EDT 2018: Peer 1001 received the 'have' message from Peer 1003 for the piece 58.
Fri Apr 20 18:24:01 EDT 2018: Peer 1001 received the 'have' message from Peer 1002 for the piece 230.
Fri Apr 20 18:24:01 EDT 2018: Peer 1001 received the 'have' message from Peer 1003 for the piece 38.
Fri Apr 20 18:24:01 EDT 2018: Peer 1001 received the 'have' message from Peer 1002 for the piece 196.
Fri Apr 20 18:24:01 EDT 2018: Peer 1001 received the 'have' message from Peer 1002 for the piece 256.
Fri Apr 20 18:24:01 EDT 2018: Peer 1001 received the 'have' message from Peer 1003 for the piece 284.
Fri Apr 20 18:24:01 EDT 2018: Peer 1001 received the 'have' message from Peer 1002 for the piece 96.
Fri Apr 20 18:24:01 EDT 2018: Peer 1001 received the 'have' message from Peer 1003 for the piece 287.
Fri Apr 20 18:24:01 EDT 2018: Peer 1001 received the 'have' message from Peer 1002 for the piece 52.
Fri Apr 20 18:24:01 EDT 2018: Peer 1001 received the 'have' message from Peer 1002 for the piece 145.
Fri Apr 20 18:24:01 EDT 2018: Peer 1001 received the 'have' message from Peer 1003 for the piece 43.
Fri Apr 20 18:24:01 EDT 2018: Peer 1001 received the 'have' message from Peer 1002 for the piece 19.
Fri Apr 20 18:24:01 EDT 2018: Peer 1001 received the 'have' message from Peer 1003 for the piece 224.
Fri Apr 20 18:24:01 EDT 2018: Peer 1001 received the 'have' message from Peer 1002 for the piece 13.
Fri Apr 20 18:24:01 EDT 2018: Peer 1001 received the 'have' message from Peer 1003 for the piece 240.
Fri Apr 20 18:24:01 EDT 2018: Peer 1001 received the 'have' message from Peer 1002 for the piece 259.
Fri Apr 20 18:24:01 EDT 2018: Peer 1001 received the 'have' message from Peer 1003 for the piece 225.
Fri Apr 20 18:24:01 EDT 2018: Peer 1001 received the 'have' message from Peer 1002 for the piece 295.
Fri Apr 20 18:24:01 EDT 2018: Peer 1001 received the 'have' message from Peer 1003 for the piece 263.
Fri Apr 20 18:24:01 EDT 2018: Peer 1001 has the Preferred neighbours [1001, 1002].
Fri Apr 20 18:24:01 EDT 2018: Peer 1001 is unchoked by Peer 1002.
Fri Apr 20 18:24:01 EDT 2018: Peer 1001 is unchoked by Peer 1003.
Fri Apr 20 18:24:01 EDT 2018: Peer 1001 received the 'have' message from Peer 1003 for the piece 83.
Fri Apr 20 18:24:01 EDT 2018: Peer 1001 received the 'have' message from Peer 1002 for the piece 179.
Fri Apr 20 18:24:01 EDT 2018: Peer 1001 received the 'have' message from Peer 1002 for the piece 125.
Fri Apr 20 18:24:01 EDT 2018: Peer 1001 received the 'have' message from Peer 1003 for the piece 184.
Fri Apr 20 18:24:01 EDT 2018: Peer 1001 received the 'have' message from Peer 1003 for the piece 108.
Fri Apr 20 18:24:01 EDT 2018: Peer 1001 received the 'have' message from Peer 1002 for the piece 162.
Fri Apr 20 18:24:01 EDT 2018: Peer 1001 received the 'have' message from Peer 1003 for the piece 233.
Fri Apr 20 18:24:01 EDT 2018: Peer 1001 received the 'have' message from Peer 1002 for the piece 130.
Fri Apr 20 18:24:01 EDT 2018: Peer 1001 received the 'have' message from Peer 1003 for the piece 110.
Fri Apr 20 18:24:01 EDT 2018: Peer 1001 received the 'have' message from Peer 1002 for the piece 265.
Fri Apr 20 18:24:01 EDT 2018: Peer 1001 received the 'have' message from Peer 1002 for the piece 282.
Fri Apr 20 18:24:01 EDT 2018: Peer 1001 received the 'have' message from Peer 1002 for the piece 80.
Fri Apr 20 18:24:01 EDT 2018: Peer 1001 received the 'have' message from Peer 1003 for the piece 60.
Fri Apr 20 18:24:01 EDT 2018: Peer 1001 received the 'have' message from Peer 1003 for the piece 239.
Fri Apr 20 18:24:01 EDT 2018: Peer 1001 received the 'have' message from Peer 1002 for the piece 22.
Fri Apr 20 18:24:01 EDT 2018: Peer 1001 received the 'have' message from Peer 1003 for the piece 276.
Fri Apr 20 18:24:01 EDT 2018: Peer 1001 received the 'have' message from Peer 1002 for the piece 129.
Fri Apr 20 18:24:01 EDT 2018: Peer 1001 received the 'have' message from Peer 1002 for the piece 165.
Fri Apr 20 18:24:01 EDT 2018: Peer 1001 received the 'have' message from Peer 1003 for the piece 25.
Fri Apr 20 18:24:01 EDT 2018: Peer 1001 received the 'have' message from Peer 1003 for the piece 205.
Fri Apr 20 18:24:01 EDT 2018: Peer 1001 received the 'have' message from Peer 1002 for the piece 12.
Fri Apr 20 18:24:01 EDT 2018: Peer 1001 received the 'have' message from Peer 1003 for the piece 0.
Fri Apr 20 18:24:01 EDT 2018: Peer 1001 received the 'have' message from Peer 1002 for the piece 84.
Fri Apr 20 18:24:01 EDT 2018: Peer 1001 received the 'have' message from Peer 1003 for the piece 140.
Fri Apr 20 18:24:01 EDT 2018: Peer 1001 received the 'have' message from Peer 1002 for the piece 6.
Fri Apr 20 18:24:01 EDT 2018: Peer 1001 received the 'have' message from Peer 1003 for the piece 114.
Fri Apr 20 18:24:01 EDT 2018: Peer 1001 received the 'have' message from Peer 1002 for the piece 9.
Fri Apr 20 18:24:01 EDT 2018: Peer 1001 received the 'have' message from Peer 1003 for the piece 187.
Fri Apr 20 18:24:01 EDT 2018: Peer 1001 received the 'have' message from Peer 1002 for the piece 113.
Fri Apr 20 18:24:01 EDT 2018: Peer 1001 received the 'have' message from Peer 1003 for the piece 100.
Fri Apr 20 18:24:01 EDT 2018: Peer 1001 received the 'have' message from Peer 1002 for the piece 167.
Fri Apr 20 18:24:01 EDT 2018: Peer 1001 received the 'have' message from Peer 1002 for the piece 21.
Fri Apr 20 18:24:01 EDT 2018: Peer 1001 received the 'have' message from Peer 1003 for the piece 63.
Fri Apr 20 18:24:01 EDT 2018: Peer 1001 received the 'have' message from Peer 1002 for the piece 1.
Fri Apr 20 18:24:01 EDT 2018: Peer 1001 received the 'have' message from Peer 1003 for the piece 34.
Fri Apr 20 18:24:01 EDT 2018: Peer 1001 received the 'have' message from Peer 1003 for the piece 7.
Fri Apr 20 18:24:01 EDT 2018: Peer 1001 received the 'have' message from Peer 1002 for the piece 104.
Fri Apr 20 18:24:01 EDT 2018: Peer 1001 received the 'have' message from Peer 1003 for the piece 230.
Fri Apr 20 18:24:01 EDT 2018: Peer 1001 received the 'have' message from Peer 1002 for the piece 135.
Fri Apr 20 18:24:01 EDT 2018: Peer 1001 received the 'have' message from Peer 1002 for the piece 181.
Fri Apr 20 18:24:01 EDT 2018: Peer 1001 received the 'have' message from Peer 1003 for the piece 118.
Fri Apr 20 18:24:01 EDT 2018: Peer 1001 received the 'have' message from Peer 1002 for the piece 234.
Fri Apr 20 18:24:01 EDT 2018: Peer 1001 received the 'have' message from Peer 1003 for the piece 3.
Fri Apr 20 18:24:01 EDT 2018: Peer 1001 received the 'have' message from Peer 1002 for the piece 168.
Fri Apr 20 18:24:01 EDT 2018: Peer 1001 received the 'have' message from Peer 1003 for the piece 57.
Fri Apr 20 18:24:01 EDT 2018: Peer 1001 received the 'have' message from Peer 1002 for the piece 75.
Fri Apr 20 18:24:01 EDT 2018: Peer 1001 received the 'have' message from Peer 1003 for the piece 279.
Fri Apr 20 18:24:01 EDT 2018: Peer 1001 received the 'have' message from Peer 1002 for the piece 87.
Fri Apr 20 18:24:01 EDT 2018: Peer 1001 received the 'have' message from Peer 1003 for the piece 176.
Fri Apr 20 18:24:01 EDT 2018: Peer 1001 received the 'have' message from Peer 1002 for the piece 155.
Fri Apr 20 18:24:01 EDT 2018: Peer 1001 received the 'have' message from Peer 1003 for the piece 30.
Fri Apr 20 18:24:01 EDT 2018: Peer 1001 received the 'have' message from Peer 1002 for the piece 5.
Fri Apr 20 18:24:01 EDT 2018: Peer 1001 received the 'have' message from Peer 1003 for the piece 64.
Fri Apr 20 18:24:01 EDT 2018: Peer 1001 received the 'have' message from Peer 1002 for the piece 201.
Fri Apr 20 18:24:01 EDT 2018: Peer 1001 received the 'have' message from Peer 1003 for the piece 55.
Fri Apr 20 18:24:01 EDT 2018: Peer 1001 received the 'have' message from Peer 1002 for the piece 35.
Fri Apr 20 18:24:02 EDT 2018: Peer 1001 received the 'have' message from Peer 1003 for the piece 33.
Fri Apr 20 18:24:02 EDT 2018: Peer 1001 received the 'have' message from Peer 1002 for the piece 178.
Fri Apr 20 18:24:02 EDT 2018: Peer 1001 received the 'have' message from Peer 1003 for the piece 61.
Fri Apr 20 18:24:02 EDT 2018: Peer 1001 received the 'have' message from Peer 1002 for the piece 175.
Fri Apr 20 18:24:02 EDT 2018: Peer 1001 received the 'have' message from Peer 1003 for the piece 101.
Fri Apr 20 18:24:02 EDT 2018: Peer 1001 received the 'have' message from Peer 1002 for the piece 271.
Fri Apr 20 18:24:02 EDT 2018: Peer 1001 received the 'have' message from Peer 1003 for the piece 259.
Fri Apr 20 18:24:02 EDT 2018: Peer 1001 received the 'have' message from Peer 1002 for the piece 29.
Fri Apr 20 18:24:02 EDT 2018: Peer 1001 received the 'have' message from Peer 1002 for the piece 163.
Fri Apr 20 18:24:02 EDT 2018: Peer 1001 received the 'have' message from Peer 1003 for the piece 194.
Fri Apr 20 18:24:02 EDT 2018: Peer 1001 received the 'have' message from Peer 1003 for the piece 52.
Fri Apr 20 18:24:02 EDT 2018: Peer 1001 received the 'have' message from Peer 1002 for the piece 65.
Fri Apr 20 18:24:02 EDT 2018: Peer 1001 received the 'have' message from Peer 1002 for the piece 147.
Fri Apr 20 18:24:02 EDT 2018: Peer 1001 received the 'have' message from Peer 1003 for the piece 127.
Fri Apr 20 18:24:02 EDT 2018: Peer 1001 received the 'have' message from Peer 1002 for the piece 238.
Fri Apr 20 18:24:02 EDT 2018: Peer 1001 received the 'have' message from Peer 1002 for the piece 183.
Fri Apr 20 18:24:02 EDT 2018: Peer 1001 received the 'have' message from Peer 1003 for the piece 278.
Fri Apr 20 18:24:02 EDT 2018: Peer 1001 received the 'have' message from Peer 1003 for the piece 285.
Fri Apr 20 18:24:02 EDT 2018: Peer 1001 received the 'have' message from Peer 1002 for the piece 26.
Fri Apr 20 18:24:02 EDT 2018: Peer 1001 received the 'have' message from Peer 1003 for the piece 128.
Fri Apr 20 18:24:02 EDT 2018: Peer 1001 received the 'have' message from Peer 1002 for the piece 188.
Fri Apr 20 18:24:02 EDT 2018: Peer 1001 received the 'have' message from Peer 1002 for the piece 222.
Fri Apr 20 18:24:02 EDT 2018: Peer 1001 received the 'have' message from Peer 1003 for the piece 246.
Fri Apr 20 18:24:02 EDT 2018: Peer 1001 received the 'have' message from Peer 1003 for the piece 148.
Fri Apr 20 18:24:02 EDT 2018: Peer 1001 received the 'have' message from Peer 1002 for the piece 232.
Fri Apr 20 18:24:02 EDT 2018: Peer 1001 received the 'not interested' message from Peer 1002.
Fri Apr 20 18:24:02 EDT 2018: Peer 1001 received the 'have' message from Peer 1003 for the piece 201.
Fri Apr 20 18:24:02 EDT 2018: Peer 1001 received the 'have' message from Peer 1003 for the piece 283.
Fri Apr 20 18:24:02 EDT 2018: Peer 1001 received the 'have' message from Peer 1003 for the piece 164.
Fri Apr 20 18:24:02 EDT 2018: Peer 1001 received the 'have' message from Peer 1003 for the piece 167.
Fri Apr 20 18:24:02 EDT 2018: Peer 1001 received the 'have' message from Peer 1003 for the piece 105.
Fri Apr 20 18:24:02 EDT 2018: Peer 1001 received the 'have' message from Peer 1003 for the piece 273.
Fri Apr 20 18:24:02 EDT 2018: Peer 1001 received the 'have' message from Peer 1003 for the piece 213.
Fri Apr 20 18:24:02 EDT 2018: Peer 1001 received the 'have' message from Peer 1003 for the piece 65.
Fri Apr 20 18:24:02 EDT 2018: Peer 1001 received the 'have' message from Peer 1003 for the piece 4.
Fri Apr 20 18:24:02 EDT 2018: Peer 1001 received the 'have' message from Peer 1003 for the piece 166.
Fri Apr 20 18:24:02 EDT 2018: Peer 1001 received the 'have' message from Peer 1003 for the piece 155.
Fri Apr 20 18:24:02 EDT 2018: Peer 1001 received the 'have' message from Peer 1003 for the piece 85.
Fri Apr 20 18:24:02 EDT 2018: Peer 1001 received the 'have' message from Peer 1003 for the piece 229.
Fri Apr 20 18:24:02 EDT 2018: Peer 1001 received the 'have' message from Peer 1003 for the piece 67.
Fri Apr 20 18:24:02 EDT 2018: Peer 1001 received the 'have' message from Peer 1003 for the piece 235.
Fri Apr 20 18:24:02 EDT 2018: Peer 1001 received the 'have' message from Peer 1003 for the piece 152.
Fri Apr 20 18:24:02 EDT 2018: Peer 1001 received the 'have' message from Peer 1003 for the piece 68.
Fri Apr 20 18:24:02 EDT 2018: Peer 1001 received the 'have' message from Peer 1003 for the piece 173.
Fri Apr 20 18:24:02 EDT 2018: Peer 1001 received the 'have' message from Peer 1003 for the piece 241.
Fri Apr 20 18:24:02 EDT 2018: Peer 1001 received the 'have' message from Peer 1003 for the piece 42.
Fri Apr 20 18:24:02 EDT 2018: Peer 1001 received the 'have' message from Peer 1003 for the piece 188.
Fri Apr 20 18:24:02 EDT 2018: Peer 1001 received the 'have' message from Peer 1003 for the piece 87.
Fri Apr 20 18:24:02 EDT 2018: Peer 1001 received the 'have' message from Peer 1003 for the piece 299.
Fri Apr 20 18:24:02 EDT 2018: Peer 1001 received the 'have' message from Peer 1003 for the piece 252.
Fri Apr 20 18:24:02 EDT 2018: Peer 1001 received the 'have' message from Peer 1003 for the piece 40.
Fri Apr 20 18:24:02 EDT 2018: Peer 1001 received the 'have' message from Peer 1003 for the piece 44.
Fri Apr 20 18:24:02 EDT 2018: Peer 1001 received the 'have' message from Peer 1003 for the piece 123.
Fri Apr 20 18:24:02 EDT 2018: Peer 1001 received the 'have' message from Peer 1003 for the piece 256.
Fri Apr 20 18:24:02 EDT 2018: Peer 1001 received the 'have' message from Peer 1003 for the piece 75.
Fri Apr 20 18:24:02 EDT 2018: Peer 1001 received the 'have' message from Peer 1003 for the piece 53.
Fri Apr 20 18:24:02 EDT 2018: Peer 1001 received the 'have' message from Peer 1003 for the piece 93.
Fri Apr 20 18:24:02 EDT 2018: Peer 1001 received the 'have' message from Peer 1003 for the piece 228.
Fri Apr 20 18:24:02 EDT 2018: Peer 1001 received the 'have' message from Peer 1003 for the piece 29.
Fri Apr 20 18:24:02 EDT 2018: Peer 1001 received the 'have' message from Peer 1003 for the piece 214.
Fri Apr 20 18:24:02 EDT 2018: Peer 1001 received the 'have' message from Peer 1003 for the piece 9.
Fri Apr 20 18:24:02 EDT 2018: Peer 1001 received the 'have' message from Peer 1003 for the piece 297.
Fri Apr 20 18:24:02 EDT 2018: Peer 1001 received the 'have' message from Peer 1003 for the piece 79.
Fri Apr 20 18:24:02 EDT 2018: Peer 1001 received the 'have' message from Peer 1003 for the piece 28.
Fri Apr 20 18:24:02 EDT 2018: Peer 1001 received the 'have' message from Peer 1003 for the piece 71.
Fri Apr 20 18:24:02 EDT 2018: Peer 1001 received the 'have' message from Peer 1003 for the piece 265.
Fri Apr 20 18:24:02 EDT 2018: Peer 1001 received the 'have' message from Peer 1003 for the piece 179.
Fri Apr 20 18:24:02 EDT 2018: Peer 1001 received the 'have' message from Peer 1003 for the piece 80.
Fri Apr 20 18:24:02 EDT 2018: Peer 1001 received the 'have' message from Peer 1003 for the piece 95.
Fri Apr 20 18:24:02 EDT 2018: Peer 1001 received the 'have' message from Peer 1003 for the piece 298.
Fri Apr 20 18:24:02 EDT 2018: Peer 1001 received the 'have' message from Peer 1003 for the piece 134.
Fri Apr 20 18:24:02 EDT 2018: Peer 1001 received the 'have' message from Peer 1003 for the piece 94.
Fri Apr 20 18:24:02 EDT 2018: Peer 1001 received the 'have' message from Peer 1003 for the piece 82.
Fri Apr 20 18:24:02 EDT 2018: Peer 1001 received the 'have' message from Peer 1003 for the piece 132.
Fri Apr 20 18:24:02 EDT 2018: Peer 1001 received the 'have' message from Peer 1003 for the piece 153.
Fri Apr 20 18:24:02 EDT 2018: Peer 1001 received the 'have' message from Peer 1003 for the piece 210.
Fri Apr 20 18:24:02 EDT 2018: Peer 1001 received the 'have' message from Peer 1003 for the piece 1.
Fri Apr 20 18:24:03 EDT 2018: Peer 1001 received the 'have' message from Peer 1003 for the piece 248.
Fri Apr 20 18:24:03 EDT 2018: Peer 1001 received the 'have' message from Peer 1003 for the piece 266.
Fri Apr 20 18:24:03 EDT 2018: Peer 1001 received the 'have' message from Peer 1003 for the piece 162.
Fri Apr 20 18:24:03 EDT 2018: Peer 1001 received the 'have' message from Peer 1003 for the piece 165.
Fri Apr 20 18:24:03 EDT 2018: Peer 1001 received the 'have' message from Peer 1003 for the piece 46.
Fri Apr 20 18:24:03 EDT 2018: Peer 1001 received the 'have' message from Peer 1003 for the piece 211.
Fri Apr 20 18:24:03 EDT 2018: Peer 1001 received the 'have' message from Peer 1003 for the piece 122.
Fri Apr 20 18:24:03 EDT 2018: Peer 1001 received the 'have' message from Peer 1003 for the piece 98.
Fri Apr 20 18:24:03 EDT 2018: Peer 1001 received the 'have' message from Peer 1003 for the piece 237.
Fri Apr 20 18:24:03 EDT 2018: Peer 1001 received the 'have' message from Peer 1003 for the piece 18.
Fri Apr 20 18:24:03 EDT 2018: Peer 1001 received the 'have' message from Peer 1003 for the piece 189.
Fri Apr 20 18:24:03 EDT 2018: Peer 1001 received the 'have' message from Peer 1003 for the piece 293.
Fri Apr 20 18:24:03 EDT 2018: Peer 1001 received the 'have' message from Peer 1003 for the piece 92.
Fri Apr 20 18:24:03 EDT 2018: Peer 1001 received the 'have' message from Peer 1003 for the piece 147.
Fri Apr 20 18:24:03 EDT 2018: Peer 1001 received the 'have' message from Peer 1003 for the piece 244.
Fri Apr 20 18:24:03 EDT 2018: Peer 1001 received the 'have' message from Peer 1003 for the piece 231.
Fri Apr 20 18:24:03 EDT 2018: Peer 1001 received the 'have' message from Peer 1003 for the piece 175.
Fri Apr 20 18:24:03 EDT 2018: Peer 1001 received the 'have' message from Peer 1003 for the piece 272.
Fri Apr 20 18:24:03 EDT 2018: Peer 1001 received the 'have' message from Peer 1003 for the piece 216.
Fri Apr 20 18:24:03 EDT 2018: Peer 1001 received the 'have' message from Peer 1003 for the piece 146.
Fri Apr 20 18:24:03 EDT 2018: Peer 1001 received the 'have' message from Peer 1003 for the piece 112.
Fri Apr 20 18:24:03 EDT 2018: Peer 1001 received the 'have' message from Peer 1003 for the piece 62.
Fri Apr 20 18:24:03 EDT 2018: Peer 1001 received the 'have' message from Peer 1003 for the piece 186.
Fri Apr 20 18:24:03 EDT 2018: Peer 1001 received the 'have' message from Peer 1003 for the piece 286.
Fri Apr 20 18:24:03 EDT 2018: Peer 1001 received the 'have' message from Peer 1003 for the piece 86.
Fri Apr 20 18:24:03 EDT 2018: Peer 1001 received the 'have' message from Peer 1003 for the piece 222.
Fri Apr 20 18:24:03 EDT 2018: Peer 1001 received the 'have' message from Peer 1003 for the piece 221.
Fri Apr 20 18:24:03 EDT 2018: Peer 1001 received the 'have' message from Peer 1003 for the piece 66.
Fri Apr 20 18:24:03 EDT 2018: Peer 1001 received the 'have' message from Peer 1003 for the piece 23.
Fri Apr 20 18:24:03 EDT 2018: Peer 1001 received the 'have' message from Peer 1003 for the piece 295.
Fri Apr 20 18:24:03 EDT 2018: Peer 1001 received the 'have' message from Peer 1003 for the piece 135.
Fri Apr 20 18:24:03 EDT 2018: Peer 1001 received the 'have' message from Peer 1003 for the piece 45.
Fri Apr 20 18:24:03 EDT 2018: Peer 1001 is unchoked by Peer 1003.
Fri Apr 20 18:24:03 EDT 2018: Peer 1001 received the 'have' message from Peer 1003 for the piece 182.
Fri Apr 20 18:24:03 EDT 2018: Peer 1001 received the 'have' message from Peer 1003 for the piece 261.
Fri Apr 20 18:24:03 EDT 2018: Peer 1001 received the 'have' message from Peer 1003 for the piece 161.
Fri Apr 20 18:24:03 EDT 2018: Peer 1001 received the 'have' message from Peer 1003 for the piece 103.
Fri Apr 20 18:24:03 EDT 2018: Peer 1001 received the 'have' message from Peer 1003 for the piece 190.
Fri Apr 20 18:24:03 EDT 2018: Peer 1001 received the 'have' message from Peer 1003 for the piece 16.
Fri Apr 20 18:24:03 EDT 2018: Peer 1001 received the 'have' message from Peer 1003 for the piece 255.
Fri Apr 20 18:24:03 EDT 2018: Peer 1001 received the 'have' message from Peer 1003 for the piece 84.
Fri Apr 20 18:24:03 EDT 2018: Peer 1001 received the 'have' message from Peer 1003 for the piece 17.
Fri Apr 20 18:24:03 EDT 2018: Peer 1001 received the 'have' message from Peer 1003 for the piece 151.
Fri Apr 20 18:24:03 EDT 2018: Peer 1001 has the optimistically unchoked neighbour Peer 1003.
Fri Apr 20 18:24:03 EDT 2018: Peer 1001 has the Preferred neighbours [1002, 1001].
Fri Apr 20 18:24:03 EDT 2018: Peer 1001 received the 'have' message from Peer 1003 for the piece 126.
Fri Apr 20 18:24:03 EDT 2018: Peer 1001 received the 'have' message from Peer 1003 for the piece 35.
Fri Apr 20 18:24:03 EDT 2018: Peer 1001 received the 'have' message from Peer 1003 for the piece 129.
Fri Apr 20 18:24:03 EDT 2018: Peer 1001 received the 'have' message from Peer 1003 for the piece 217.
Fri Apr 20 18:24:03 EDT 2018: Peer 1001 is unchoked by Peer 1002.
Fri Apr 20 18:24:03 EDT 2018: Peer 1001 received the 'have' message from Peer 1003 for the piece 130.
Fri Apr 20 18:24:03 EDT 2018: Peer 1001 received the 'have' message from Peer 1003 for the piece 181.
Fri Apr 20 18:24:03 EDT 2018: Peer 1001 received the 'have' message from Peer 1003 for the piece 51.
Fri Apr 20 18:24:03 EDT 2018: Peer 1001 received the 'have' message from Peer 1003 for the piece 163.
Fri Apr 20 18:24:03 EDT 2018: Peer 1001 received the 'have' message from Peer 1003 for the piece 227.
Fri Apr 20 18:24:03 EDT 2018: Peer 1001 received the 'have' message from Peer 1003 for the piece 143.
Fri Apr 20 18:24:03 EDT 2018: Peer 1001 received the 'have' message from Peer 1003 for the piece 26.
Fri Apr 20 18:24:03 EDT 2018: Peer 1001 received the 'have' message from Peer 1003 for the piece 202.
Fri Apr 20 18:24:03 EDT 2018: Peer 1001 received the 'have' message from Peer 1003 for the piece 245.
Fri Apr 20 18:24:03 EDT 2018: Peer 1001 received the 'have' message from Peer 1003 for the piece 89.
Fri Apr 20 18:24:03 EDT 2018: Peer 1001 received the 'have' message from Peer 1003 for the piece 257.
Fri Apr 20 18:24:03 EDT 2018: Peer 1001 received the 'have' message from Peer 1003 for the piece 15.
Fri Apr 20 18:24:03 EDT 2018: Peer 1001 received the 'have' message from Peer 1003 for the piece 125.
Fri Apr 20 18:24:03 EDT 2018: Peer 1001 received the 'have' message from Peer 1003 for the piece 198.
Fri Apr 20 18:24:03 EDT 2018: Peer 1001 received the 'have' message from Peer 1003 for the piece 109.
Fri Apr 20 18:24:03 EDT 2018: Peer 1001 received the 'have' message from Peer 1003 for the piece 37.
Fri Apr 20 18:24:03 EDT 2018: Peer 1001 received the 'have' message from Peer 1003 for the piece 277.
Fri Apr 20 18:24:03 EDT 2018: Peer 1001 received the 'have' message from Peer 1003 for the piece 243.
Fri Apr 20 18:24:03 EDT 2018: Peer 1001 received the 'have' message from Peer 1003 for the piece 144.
Fri Apr 20 18:24:03 EDT 2018: Peer 1001 received the 'have' message from Peer 1003 for the piece 289.
Fri Apr 20 18:24:03 EDT 2018: Peer 1001 received the 'have' message from Peer 1003 for the piece 271.
Fri Apr 20 18:24:03 EDT 2018: Peer 1001 received the 'have' message from Peer 1003 for the piece 232.
Fri Apr 20 18:24:03 EDT 2018: Peer 1001 received the 'have' message from Peer 1003 for the piece 96.
Fri Apr 20 18:24:03 EDT 2018: Peer 1001 received the 'have' message from Peer 1003 for the piece 196.
Fri Apr 20 18:24:03 EDT 2018: Peer 1001 received the 'have' message from Peer 1003 for the piece 20.
Fri Apr 20 18:24:03 EDT 2018: Peer 1001 received the 'have' message from Peer 1003 for the piece 238.
Fri Apr 20 18:24:03 EDT 2018: Peer 1001 received the 'have' message from Peer 1003 for the piece 22.
Fri Apr 20 18:24:03 EDT 2018: Peer 1001 received the 'have' message from Peer 1003 for the piece 282.
Fri Apr 20 18:24:03 EDT 2018: Peer 1001 received the 'have' message from Peer 1003 for the piece 41.
Fri Apr 20 18:24:03 EDT 2018: Peer 1001 received the 'have' message from Peer 1003 for the piece 139.
Fri Apr 20 18:24:03 EDT 2018: Peer 1001 received the 'have' message from Peer 1003 for the piece 254.
Fri Apr 20 18:24:03 EDT 2018: Peer 1001 received the 'have' message from Peer 1003 for the piece 208.
Fri Apr 20 18:24:03 EDT 2018: Peer 1001 received the 'have' message from Peer 1003 for the piece 39.
Fri Apr 20 18:24:03 EDT 2018: Peer 1001 received the 'have' message from Peer 1003 for the piece 156.
Fri Apr 20 18:24:03 EDT 2018: Peer 1001 received the 'have' message from Peer 1003 for the piece 207.
Fri Apr 20 18:24:03 EDT 2018: Peer 1001 received the 'have' message from Peer 1003 for the piece 72.
Fri Apr 20 18:24:03 EDT 2018: Peer 1001 received the 'have' message from Peer 1003 for the piece 226.
Fri Apr 20 18:24:03 EDT 2018: Peer 1001 received the 'have' message from Peer 1003 for the piece 219.
Fri Apr 20 18:24:03 EDT 2018: Peer 1001 received the 'have' message from Peer 1003 for the piece 133.
Fri Apr 20 18:24:03 EDT 2018: Peer 1001 received the 'have' message from Peer 1003 for the piece 206.
Fri Apr 20 18:24:03 EDT 2018: Peer 1001 received the 'have' message from Peer 1003 for the piece 107.
Fri Apr 20 18:24:03 EDT 2018: Peer 1001 received the 'have' message from Peer 1003 for the piece 183.
Fri Apr 20 18:24:03 EDT 2018: Peer 1001 received the 'have' message from Peer 1003 for the piece 236.
Fri Apr 20 18:24:03 EDT 2018: Peer 1001 received the 'have' message from Peer 1003 for the piece 172.
Fri Apr 20 18:24:04 EDT 2018: Peer 1001 received the 'have' message from Peer 1003 for the piece 185.
Fri Apr 20 18:24:04 EDT 2018: Peer 1001 received the 'have' message from Peer 1003 for the piece 104.
Fri Apr 20 18:24:04 EDT 2018: Peer 1001 received the 'have' message from Peer 1003 for the piece 275.
Fri Apr 20 18:24:04 EDT 2018: Peer 1001 received the 'have' message from Peer 1003 for the piece 11.
Fri Apr 20 18:24:04 EDT 2018: Peer 1001 received the 'have' message from Peer 1003 for the piece 10.
Fri Apr 20 18:24:04 EDT 2018: Peer 1001 received the 'have' message from Peer 1003 for the piece 262.
Fri Apr 20 18:24:04 EDT 2018: Peer 1001 received the 'have' message from Peer 1003 for the piece 250.
Fri Apr 20 18:24:04 EDT 2018: Peer 1001 received the 'have' message from Peer 1003 for the piece 209.
Fri Apr 20 18:24:04 EDT 2018: Peer 1001 received the 'have' message from Peer 1003 for the piece 223.
Fri Apr 20 18:24:04 EDT 2018: Peer 1001 received the 'have' message from Peer 1003 for the piece 6.
Fri Apr 20 18:24:04 EDT 2018: Peer 1001 received the 'have' message from Peer 1003 for the piece 296.
Fri Apr 20 18:24:04 EDT 2018: Peer 1001 received the 'have' message from Peer 1003 for the piece 36.
Fri Apr 20 18:24:04 EDT 2018: Peer 1001 received the 'have' message from Peer 1003 for the piece 157.
Fri Apr 20 18:24:04 EDT 2018: Peer 1001 received the 'have' message from Peer 1003 for the piece 31.
Fri Apr 20 18:24:04 EDT 2018: Peer 1001 received the 'have' message from Peer 1003 for the piece 13.
Fri Apr 20 18:24:04 EDT 2018: Peer 1001 received the 'have' message from Peer 1003 for the piece 174.
Fri Apr 20 18:24:04 EDT 2018: Peer 1001 received the 'have' message from Peer 1003 for the piece 24.
Fri Apr 20 18:24:04 EDT 2018: Peer 1001 received the 'have' message from Peer 1003 for the piece 145.
Fri Apr 20 18:24:04 EDT 2018: Peer 1001 received the 'have' message from Peer 1003 for the piece 136.
Fri Apr 20 18:24:04 EDT 2018: Peer 1001 received the 'have' message from Peer 1003 for the piece 136.
Fri Apr 20 18:24:04 EDT 2018: Peer 1001 received the 'have' message from Peer 1003 for the piece 269.
Fri Apr 20 18:24:04 EDT 2018: Peer 1001 received the 'have' message from Peer 1003 for the piece 8.
Fri Apr 20 18:24:04 EDT 2018: Peer 1001 received the 'have' message from Peer 1003 for the piece 212.
Fri Apr 20 18:24:04 EDT 2018: Peer 1001 received the 'have' message from Peer 1003 for the piece 131.
Fri Apr 20 18:24:04 EDT 2018: Peer 1001 received the 'have' message from Peer 1003 for the piece 242.
Fri Apr 20 18:24:04 EDT 2018: Peer 1001 received the 'have' message from Peer 1003 for the piece 220.
Fri Apr 20 18:24:04 EDT 2018: Peer 1001 received the 'have' message from Peer 1003 for the piece 56.
Fri Apr 20 18:24:04 EDT 2018: Peer 1001 received the 'have' message from Peer 1003 for the piece 50.
Fri Apr 20 18:24:04 EDT 2018: Peer 1001 received the 'have' message from Peer 1003 for the piece 12.
Fri Apr 20 18:24:04 EDT 2018: Peer 1001 received the 'have' message from Peer 1003 for the piece 260.
Fri Apr 20 18:24:04 EDT 2018: Peer 1001 received the 'have' message from Peer 1003 for the piece 290.
Fri Apr 20 18:24:04 EDT 2018: Peer 1001 received the 'have' message from Peer 1003 for the piece 274.
Fri Apr 20 18:24:04 EDT 2018: Peer 1001 received the 'have' message from Peer 1003 for the piece 234.
Fri Apr 20 18:24:04 EDT 2018: Peer 1001 received the 'have' message from Peer 1003 for the piece 150.
Fri Apr 20 18:24:04 EDT 2018: Peer 1001 received the 'have' message from Peer 1003 for the piece 115.
Fri Apr 20 18:24:04 EDT 2018: Peer 1001 received the 'have' message from Peer 1003 for the piece 115.
Fri Apr 20 18:24:04 EDT 2018: Peer 1001 received the 'have' message from Peer 1003 for the piece 21.
Fri Apr 20 18:24:04 EDT 2018: Peer 1001 received the 'have' message from Peer 1003 for the piece 116.
Fri Apr 20 18:24:04 EDT 2018: Peer 1001 received the 'have' message from Peer 1003 for the piece 19.
Fri Apr 20 18:24:04 EDT 2018: Peer 1001 received the 'have' message from Peer 1003 for the piece 70.
Fri Apr 20 18:24:04 EDT 2018: Peer 1001 received the 'have' message from Peer 1003 for the piece 158.
Fri Apr 20 18:24:04 EDT 2018: Peer 1001 received the 'have' message from Peer 1003 for the piece 180.
Fri Apr 20 18:24:04 EDT 2018: Peer 1001 received the 'have' message from Peer 1003 for the piece 5.
Fri Apr 20 18:24:04 EDT 2018: Peer 1001 received the 'have' message from Peer 1003 for the piece 168.
Fri Apr 20 18:24:04 EDT 2018: Peer 1001 received the 'have' message from Peer 1003 for the piece 113.
Fri Apr 20 18:24:04 EDT 2018: Peer 1001 received the 'have' message from Peer 1003 for the piece 119.
Fri Apr 20 18:24:04 EDT 2018: Peer 1001 received the 'have' message from Peer 1003 for the piece 267.
Fri Apr 20 18:24:04 EDT 2018: Peer 1001 received the 'have' message from Peer 1003 for the piece 178.
Fri Apr 20 18:24:05 EDT 2018: Peer 1001 has the Preferred neighbours [1001, 1002].
Fri Apr 20 18:24:07 EDT 2018: Peer 1001 has the Preferred neighbours [1003, 1002].
